<?xml version="1.0" encoding="UTF-8"?>
<testsuite xmlns:xsi="http://www.w3.org/2001/XMLSchema-instance" xsi:noNamespaceSchemaLocation="https://maven.apache.org/surefire/maven-surefire-plugin/xsd/surefire-test-report.xsd" name="net.greet.GreetTests" time="0.026" tests="9" errors="0" skipped="0" failures="0">
  <properties>
[...]
</properties>
  <testcase name="shouldIgnoreNameCases" classname="net.greet.GreetTests" time="0.008"/>
  <testcase name="shouldNotDuplicateUsers" classname="net.greet.GreetTests" time="0"/>
  <testcase name="shouldBeAbleToClearOneUser" classname="net.greet.GreetTests" time="0.002"/>
  <testcase name="shouldBeAbleToGreetWithAllLanguages" classname="net.greet.GreetTests" time="0"/>
  <testcase name="shouldClearOneUserCounter" classname="net.greet.GreetTests" time="0.001"/>
  <testcase name="shouldBeAbleToShowUsersGreeted" classname="net.greet.GreetTests" time="0"/>
  <testcase name="shouldShowUserGreeted" classname="net.greet.GreetTests" time="0.001"/>
  <testcase name="shouldBeAbleToClearGreetedUsers" classname="net.greet.GreetTests" time="0.001"/>
  <testcase name="shouldShowTimesEachUserWasGreeted" classname="net.greet.GreetTests" time="0.001"/>
</testsuite>